[ 2016-03-10T02:57:16+01:00 ] SQL:  RunTime:0.001746s SQL = SELECT * FROM `ts_system_data` WHERE ( `list` = 'siteopt' ) ORDER BY id ASC
[ 2016-03-10T02:57:16+01:00 ] SQL:  RunTime:0.000560s SQL = SELECT * FROM `ts_system_data` WHERE ( `list` = 'audit' ) ORDER BY id ASC
[ 2016-03-10T02:57:16+01:00 ] SQL:  RunTime:0.000533s SQL = SELECT * FROM `ts_system_data` WHERE ( `list` = 'myop' ) ORDER BY id ASC
[ 2016-03-10T02:57:16+01:00 ] SQL:  RunTime:0.001021s SQL = SELECT * FROM `ts_addons` WHERE ( `status` = '1' )
[ 2016-03-10T09:57:16+08:00 ] SQL:  RunTime:0.000684s SQL = SELECT * FROM `ts_system_data` WHERE ( `list` = 'cnzz' ) ORDER BY id ASC
[ 2016-03-10T09:57:16+08:00 ] SQL:  RunTime:0.001580s SQL = SHOW COLUMNS FROM ts_user
[ 2016-03-10T09:57:16+08:00 ] SQL:  RunTime:0.000688s SQL = SELECT * FROM `ts_user` WHERE uid=1 LIMIT 1 
[ 2016-03-10T09:57:16+08:00 ] SQL:  RunTime:0.001059s SQL = SHOW COLUMNS FROM ts_credit_type
[ 2016-03-10T09:57:16+08:00 ] SQL:  RunTime:0.000723s SQL = SELECT * FROM `ts_credit_type` ORDER BY id ASC
[ 2016-03-10T09:57:16+08:00 ] SQL:  RunTime:0.001193s SQL = SHOW COLUMNS FROM ts_credit_user
[ 2016-03-10T09:57:16+08:00 ] SQL:  RunTime:0.001105s SQL = SELECT * FROM `ts_credit_user` WHERE uid=1 LIMIT 1 
[ 2016-03-10T09:57:16+08:00 ] SQL:  RunTime:0.000607s SQL = SELECT `content`,`place` FROM ts_ad WHERE `is_active` = "1" AND `content` <> "" ORDER BY `display_order` ASC,`ad_id` ASC
[ 2016-03-10T09:57:16+08:00 ] SQL:  RunTime:0.000818s SQL = SELECT `document_id`,`title`,`content` FROM ts_document WHERE `is_active` = "1" AND `is_on_footer` = "1" ORDER BY `display_order` ASC,`document_id` ASC
[ 2016-03-10T09:57:17+08:00 ] SQL:  RunTime:0.000928s SQL = SELECT VERSION() as version
[ 2016-03-10T09:57:17+08:00 ] SQL:  RunTime:0.014411s SQL = SHOW TABLE STATUS LIKE 'ts_%'
[ 2016-03-10T09:57:17+08:00 ] SQL:  RunTime:0.000445s SQL = SELECT COUNT(*) AS count FROM ts_user_online WHERE `ctime` > 1457574137
[ 2016-03-10T09:57:17+08:00 ] SQL:  RunTime:0.000306s SQL = SELECT count(1) as count FROM `ts_user` LIMIT 1 
[ 2016-03-10T09:57:17+08:00 ] SQL:  RunTime:0.028510s SQL = SELECT count(1) as count FROM `ts_user` WHERE `is_active` = 1 LIMIT 1 
[ 2016-03-10T09:57:17+08:00 ] SQL:  RunTime:0.000884s SQL = SHOW COLUMNS FROM ts_app
[ 2016-03-10T09:57:17+08:00 ] SQL:  RunTime:0.000408s SQL = SELECT app_name,app_alias,statistics_entry FROM `ts_app` WHERE `statistics_entry`<>"" ORDER BY display_order ASC
[ 2016-03-10T09:57:17+08:00 ] SQL:  RunTime:0.000252s SQL = SELECT VERSION() as version
[ 2016-03-10T09:57:17+08:00 ] SQL:  RunTime:0.016901s SQL = SHOW TABLE STATUS LIKE 'ts_%'
[ 2016-03-10T09:57:17+08:00 ] SQL:  RunTime:0.000547s SQL = SELECT COUNT(*) AS count FROM ts_user_online WHERE `ctime` > 1457574137
[ 2016-03-10T09:57:17+08:00 ] SQL:  RunTime:0.000386s SQL = SELECT count(1) as count FROM `ts_user` LIMIT 1 
[ 2016-03-10T09:57:17+08:00 ] SQL:  RunTime:0.031070s SQL = SELECT count(1) as count FROM `ts_user` WHERE `is_active` = 1 LIMIT 1 
[ 2016-03-10T09:57:17+08:00 ] SQL:  RunTime:0.000378s SQL = SELECT app_name,app_alias,statistics_entry FROM `ts_app` WHERE `statistics_entry`<>"" ORDER BY display_order ASC
[ 2016-03-10T09:57:19+08:00 ] SQL:  RunTime:0.000273s SQL = SELECT count(1) as count FROM `ts_user` LIMIT 1 
[ 2016-03-10T09:57:19+08:00 ] SQL:  RunTime:0.000962s SQL = SELECT * FROM `ts_user` ORDER BY uid ASC LIMIT 0,30 
[ 2016-03-10T09:57:19+08:00 ] SQL:  RunTime:0.001127s SQL = SHOW COLUMNS FROM ts_user_group
[ 2016-03-10T09:57:19+08:00 ] SQL:  RunTime:0.001016s SQL = SHOW COLUMNS FROM ts_user_group_link
[ 2016-03-10T09:57:19+08:00 ] SQL:  RunTime:0.000771s SQL = SELECT * FROM `ts_user_group_link` WHERE ( `uid` IN ('1','7','18','19','20','21','22','23','24','25','27','28','29','30','31','32','33','35','36','37','38','39','40','41','43','44','45','46','47','48') ) ORDER BY user_group_id ASC
[ 2016-03-10T09:57:19+08:00 ] SQL:  RunTime:0.001111s SQL = SHOW COLUMNS FROM ts_login
[ 2016-03-10T09:57:19+08:00 ] SQL:  RunTime:0.000535s SQL = SELECT uid, oauth_token, oauth_token_secret FROM `ts_login` WHERE ( `uid` IN ('1','7','18','19','20','21','22','23','24','25','27','28','29','30','31','32','33','35','36','37','38','39','40','41','43','44','45','46','47','48') )
[ 2016-03-10T09:57:19+08:00 ] SQL:  RunTime:0.000484s SQL = SELECT user_group_id,title FROM `ts_user_group` ORDER BY user_group_id ASC
[ 2016-03-10T09:57:19+08:00 ] SQL:  RunTime:0.001178s SQL = SHOW COLUMNS FROM ts_user_verified
[ 2016-03-10T09:57:19+08:00 ] SQL:  RunTime:0.000461s SQL = SELECT uid,realname,phone,reason,info FROM `ts_user_verified` WHERE verified='1' and uid=1 LIMIT 1 
[ 2016-03-10T09:57:19+08:00 ] SQL:  RunTime:0.000699s SQL = SELECT * FROM `ts_user` WHERE uid=7 LIMIT 1 
[ 2016-03-10T09:57:19+08:00 ] SQL:  RunTime:0.000549s SQL = SELECT * FROM `ts_credit_user` WHERE uid=7 LIMIT 1 
[ 2016-03-10T09:57:19+08:00 ] SQL:  RunTime:0.000433s SQL = SELECT uid,realname,phone,reason,info FROM `ts_user_verified` WHERE verified='1' and uid=7 LIMIT 1 
[ 2016-03-10T09:57:19+08:00 ] SQL:  RunTime:0.000583s SQL = SELECT * FROM `ts_user` WHERE uid=18 LIMIT 1 
[ 2016-03-10T09:57:19+08:00 ] SQL:  RunTime:0.000458s SQL = SELECT * FROM `ts_credit_user` WHERE uid=18 LIMIT 1 
[ 2016-03-10T09:57:19+08:00 ] SQL:  RunTime:0.000470s SQL = SELECT uid,realname,phone,reason,info FROM `ts_user_verified` WHERE verified='1' and uid=18 LIMIT 1 
[ 2016-03-10T09:57:19+08:00 ] SQL:  RunTime:0.000571s SQL = SELECT * FROM `ts_user` WHERE uid=19 LIMIT 1 
[ 2016-03-10T09:57:19+08:00 ] SQL:  RunTime:0.000563s SQL = SELECT * FROM `ts_credit_user` WHERE uid=19 LIMIT 1 
[ 2016-03-10T09:57:19+08:00 ] SQL:  RunTime:0.000441s SQL = SELECT uid,realname,phone,reason,info FROM `ts_user_verified` WHERE verified='1' and uid=19 LIMIT 1 
[ 2016-03-10T09:57:19+08:00 ] SQL:  RunTime:0.000572s SQL = SELECT * FROM `ts_user` WHERE uid=20 LIMIT 1 
[ 2016-03-10T09:57:19+08:00 ] SQL:  RunTime:0.000408s SQL = SELECT * FROM `ts_credit_user` WHERE uid=20 LIMIT 1 
[ 2016-03-10T09:57:19+08:00 ] SQL:  RunTime:0.000438s SQL = SELECT uid,realname,phone,reason,info FROM `ts_user_verified` WHERE verified='1' and uid=20 LIMIT 1 
[ 2016-03-10T09:57:19+08:00 ] SQL:  RunTime:0.000621s SQL = SELECT * FROM `ts_user` WHERE uid=21 LIMIT 1 
[ 2016-03-10T09:57:19+08:00 ] SQL:  RunTime:0.000455s SQL = SELECT * FROM `ts_credit_user` WHERE uid=21 LIMIT 1 
[ 2016-03-10T09:57:19+08:00 ] SQL:  RunTime:0.000459s SQL = SELECT uid,realname,phone,reason,info FROM `ts_user_verified` WHERE verified='1' and uid=21 LIMIT 1 
[ 2016-03-10T09:57:19+08:00 ] SQL:  RunTime:0.000549s SQL = SELECT * FROM `ts_user` WHERE uid=22 LIMIT 1 
[ 2016-03-10T09:57:19+08:00 ] SQL:  RunTime:0.000499s SQL = SELECT * FROM `ts_credit_user` WHERE uid=22 LIMIT 1 
[ 2016-03-10T09:57:19+08:00 ] SQL:  RunTime:0.000474s SQL = SELECT uid,realname,phone,reason,info FROM `ts_user_verified` WHERE verified='1' and uid=22 LIMIT 1 
[ 2016-03-10T09:57:19+08:00 ] SQL:  RunTime:0.000533s SQL = SELECT * FROM `ts_user` WHERE uid=23 LIMIT 1 
[ 2016-03-10T09:57:19+08:00 ] SQL:  RunTime:0.000469s SQL = SELECT * FROM `ts_credit_user` WHERE uid=23 LIMIT 1 
[ 2016-03-10T09:57:19+08:00 ] SQL:  RunTime:0.000478s SQL = SELECT uid,realname,phone,reason,info FROM `ts_user_verified` WHERE verified='1' and uid=23 LIMIT 1 
[ 2016-03-10T09:57:19+08:00 ] SQL:  RunTime:0.000576s SQL = SELECT * FROM `ts_user` WHERE uid=24 LIMIT 1 
[ 2016-03-10T09:57:19+08:00 ] SQL:  RunTime:0.000537s SQL = SELECT * FROM `ts_credit_user` WHERE uid=24 LIMIT 1 
[ 2016-03-10T09:57:19+08:00 ] SQL:  RunTime:0.000434s SQL = SELECT uid,realname,phone,reason,info FROM `ts_user_verified` WHERE verified='1' and uid=24 LIMIT 1 
[ 2016-03-10T09:57:19+08:00 ] SQL:  RunTime:0.000631s SQL = SELECT * FROM `ts_user` WHERE uid=25 LIMIT 1 
[ 2016-03-10T09:57:19+08:00 ] SQL:  RunTime:0.000430s SQL = SELECT * FROM `ts_credit_user` WHERE uid=25 LIMIT 1 
[ 2016-03-10T09:57:19+08:00 ] SQL:  RunTime:0.000400s SQL = SELECT uid,realname,phone,reason,info FROM `ts_user_verified` WHERE verified='1' and uid=25 LIMIT 1 
[ 2016-03-10T09:57:19+08:00 ] SQL:  RunTime:0.000558s SQL = SELECT * FROM `ts_user` WHERE uid=27 LIMIT 1 
[ 2016-03-10T09:57:19+08:00 ] SQL:  RunTime:0.000479s SQL = SELECT * FROM `ts_credit_user` WHERE uid=27 LIMIT 1 
[ 2016-03-10T09:57:19+08:00 ] SQL:  RunTime:0.000452s SQL = SELECT uid,realname,phone,reason,info FROM `ts_user_verified` WHERE verified='1' and uid=27 LIMIT 1 
[ 2016-03-10T09:57:19+08:00 ] SQL:  RunTime:0.000556s SQL = SELECT * FROM `ts_user` WHERE uid=28 LIMIT 1 
[ 2016-03-10T09:57:19+08:00 ] SQL:  RunTime:0.000446s SQL = SELECT * FROM `ts_credit_user` WHERE uid=28 LIMIT 1 
[ 2016-03-10T09:57:19+08:00 ] SQL:  RunTime:0.000463s SQL = SELECT uid,realname,phone,reason,info FROM `ts_user_verified` WHERE verified='1' and uid=28 LIMIT 1 
[ 2016-03-10T09:57:19+08:00 ] SQL:  RunTime:0.000626s SQL = SELECT * FROM `ts_user` WHERE uid=29 LIMIT 1 
[ 2016-03-10T09:57:19+08:00 ] SQL:  RunTime:0.000545s SQL = SELECT * FROM `ts_credit_user` WHERE uid=29 LIMIT 1 
[ 2016-03-10T09:57:19+08:00 ] SQL:  RunTime:0.000465s SQL = SELECT uid,realname,phone,reason,info FROM `ts_user_verified` WHERE verified='1' and uid=29 LIMIT 1 
[ 2016-03-10T09:57:19+08:00 ] SQL:  RunTime:0.000540s SQL = SELECT * FROM `ts_user` WHERE uid=30 LIMIT 1 
[ 2016-03-10T09:57:19+08:00 ] SQL:  RunTime:0.000476s SQL = SELECT * FROM `ts_credit_user` WHERE uid=30 LIMIT 1 
[ 2016-03-10T09:57:19+08:00 ] SQL:  RunTime:0.000511s SQL = SELECT uid,realname,phone,reason,info FROM `ts_user_verified` WHERE verified='1' and uid=30 LIMIT 1 
[ 2016-03-10T09:57:19+08:00 ] SQL:  RunTime:0.000570s SQL = SELECT * FROM `ts_user` WHERE uid=31 LIMIT 1 
[ 2016-03-10T09:57:19+08:00 ] SQL:  RunTime:0.000472s SQL = SELECT * FROM `ts_credit_user` WHERE uid=31 LIMIT 1 
[ 2016-03-10T09:57:19+08:00 ] SQL:  RunTime:0.000442s SQL = SELECT uid,realname,phone,reason,info FROM `ts_user_verified` WHERE verified='1' and uid=31 LIMIT 1 
[ 2016-03-10T09:57:19+08:00 ] SQL:  RunTime:0.001115s SQL = SELECT * FROM `ts_user` WHERE uid=32 LIMIT 1 
[ 2016-03-10T09:57:19+08:00 ] SQL:  RunTime:0.000519s SQL = SELECT * FROM `ts_credit_user` WHERE uid=32 LIMIT 1 
[ 2016-03-10T09:57:19+08:00 ] SQL:  RunTime:0.000584s SQL = SELECT uid,realname,phone,reason,info FROM `ts_user_verified` WHERE verified='1' and uid=32 LIMIT 1 
[ 2016-03-10T09:57:19+08:00 ] SQL:  RunTime:0.000573s SQL = SELECT * FROM `ts_user` WHERE uid=33 LIMIT 1 
[ 2016-03-10T09:57:19+08:00 ] SQL:  RunTime:0.000440s SQL = SELECT * FROM `ts_credit_user` WHERE uid=33 LIMIT 1 
[ 2016-03-10T09:57:19+08:00 ] SQL:  RunTime:0.000428s SQL = SELECT uid,realname,phone,reason,info FROM `ts_user_verified` WHERE verified='1' and uid=33 LIMIT 1 
[ 2016-03-10T09:57:19+08:00 ] SQL:  RunTime:0.000606s SQL = SELECT * FROM `ts_user` WHERE uid=35 LIMIT 1 
[ 2016-03-10T09:57:19+08:00 ] SQL:  RunTime:0.000404s SQL = SELECT * FROM `ts_credit_user` WHERE uid=35 LIMIT 1 
[ 2016-03-10T09:57:19+08:00 ] SQL:  RunTime:0.000427s SQL = SELECT uid,realname,phone,reason,info FROM `ts_user_verified` WHERE verified='1' and uid=35 LIMIT 1 
[ 2016-03-10T09:57:19+08:00 ] SQL:  RunTime:0.000591s SQL = SELECT * FROM `ts_user` WHERE uid=36 LIMIT 1 
[ 2016-03-10T09:57:19+08:00 ] SQL:  RunTime:0.000528s SQL = SELECT * FROM `ts_credit_user` WHERE uid=36 LIMIT 1 
[ 2016-03-10T09:57:19+08:00 ] SQL:  RunTime:0.000409s SQL = SELECT uid,realname,phone,reason,info FROM `ts_user_verified` WHERE verified='1' and uid=36 LIMIT 1 
[ 2016-03-10T09:57:19+08:00 ] SQL:  RunTime:0.001139s SQL = SELECT * FROM `ts_user` WHERE uid=37 LIMIT 1 
[ 2016-03-10T09:57:19+08:00 ] SQL:  RunTime:0.000537s SQL = SELECT * FROM `ts_credit_user` WHERE uid=37 LIMIT 1 
[ 2016-03-10T09:57:19+08:00 ] SQL:  RunTime:0.000498s SQL = SELECT uid,realname,phone,reason,info FROM `ts_user_verified` WHERE verified='1' and uid=37 LIMIT 1 
[ 2016-03-10T09:57:19+08:00 ] SQL:  RunTime:0.000551s SQL = SELECT * FROM `ts_user` WHERE uid=38 LIMIT 1 
[ 2016-03-10T09:57:19+08:00 ] SQL:  RunTime:0.000439s SQL = SELECT * FROM `ts_credit_user` WHERE uid=38 LIMIT 1 
[ 2016-03-10T09:57:19+08:00 ] SQL:  RunTime:0.000465s SQL = SELECT uid,realname,phone,reason,info FROM `ts_user_verified` WHERE verified='1' and uid=38 LIMIT 1 
[ 2016-03-10T09:57:19+08:00 ] SQL:  RunTime:0.000631s SQL = SELECT * FROM `ts_user` WHERE uid=39 LIMIT 1 
[ 2016-03-10T09:57:19+08:00 ] SQL:  RunTime:0.000449s SQL = SELECT * FROM `ts_credit_user` WHERE uid=39 LIMIT 1 
[ 2016-03-10T09:57:19+08:00 ] SQL:  RunTime:0.000449s SQL = SELECT uid,realname,phone,reason,info FROM `ts_user_verified` WHERE verified='1' and uid=39 LIMIT 1 
[ 2016-03-10T09:57:19+08:00 ] SQL:  RunTime:0.000583s SQL = SELECT * FROM `ts_user` WHERE uid=40 LIMIT 1 
[ 2016-03-10T09:57:19+08:00 ] SQL:  RunTime:0.000479s SQL = SELECT * FROM `ts_credit_user` WHERE uid=40 LIMIT 1 
[ 2016-03-10T09:57:19+08:00 ] SQL:  RunTime:0.000450s SQL = SELECT uid,realname,phone,reason,info FROM `ts_user_verified` WHERE verified='1' and uid=40 LIMIT 1 
[ 2016-03-10T09:57:19+08:00 ] SQL:  RunTime:0.000566s SQL = SELECT * FROM `ts_user` WHERE uid=41 LIMIT 1 
[ 2016-03-10T09:57:19+08:00 ] SQL:  RunTime:0.000539s SQL = SELECT * FROM `ts_credit_user` WHERE uid=41 LIMIT 1 
[ 2016-03-10T09:57:19+08:00 ] SQL:  RunTime:0.000366s SQL = SELECT uid,realname,phone,reason,info FROM `ts_user_verified` WHERE verified='1' and uid=41 LIMIT 1 
[ 2016-03-10T09:57:19+08:00 ] SQL:  RunTime:0.000575s SQL = SELECT * FROM `ts_user` WHERE uid=43 LIMIT 1 
[ 2016-03-10T09:57:19+08:00 ] SQL:  RunTime:0.000447s SQL = SELECT * FROM `ts_credit_user` WHERE uid=43 LIMIT 1 
[ 2016-03-10T09:57:19+08:00 ] SQL:  RunTime:0.000492s SQL = SELECT uid,realname,phone,reason,info FROM `ts_user_verified` WHERE verified='1' and uid=43 LIMIT 1 
[ 2016-03-10T09:57:19+08:00 ] SQL:  RunTime:0.000565s SQL = SELECT * FROM `ts_user` WHERE uid=44 LIMIT 1 
[ 2016-03-10T09:57:19+08:00 ] SQL:  RunTime:0.000453s SQL = SELECT * FROM `ts_credit_user` WHERE uid=44 LIMIT 1 
[ 2016-03-10T09:57:19+08:00 ] SQL:  RunTime:0.000433s SQL = SELECT uid,realname,phone,reason,info FROM `ts_user_verified` WHERE verified='1' and uid=44 LIMIT 1 
[ 2016-03-10T09:57:19+08:00 ] SQL:  RunTime:0.000616s SQL = SELECT * FROM `ts_user` WHERE uid=45 LIMIT 1 
[ 2016-03-10T09:57:19+08:00 ] SQL:  RunTime:0.000430s SQL = SELECT * FROM `ts_credit_user` WHERE uid=45 LIMIT 1 
[ 2016-03-10T09:57:20+08:00 ] SQL:  RunTime:0.000461s SQL = SELECT uid,realname,phone,reason,info FROM `ts_user_verified` WHERE verified='1' and uid=45 LIMIT 1 
[ 2016-03-10T09:57:20+08:00 ] SQL:  RunTime:0.000678s SQL = SELECT * FROM `ts_user` WHERE uid=46 LIMIT 1 
[ 2016-03-10T09:57:20+08:00 ] SQL:  RunTime:0.000455s SQL = SELECT * FROM `ts_credit_user` WHERE uid=46 LIMIT 1 
[ 2016-03-10T09:57:20+08:00 ] SQL:  RunTime:0.000419s SQL = SELECT uid,realname,phone,reason,info FROM `ts_user_verified` WHERE verified='1' and uid=46 LIMIT 1 
[ 2016-03-10T09:57:20+08:00 ] SQL:  RunTime:0.000578s SQL = SELECT * FROM `ts_user` WHERE uid=47 LIMIT 1 
[ 2016-03-10T09:57:20+08:00 ] SQL:  RunTime:0.000458s SQL = SELECT * FROM `ts_credit_user` WHERE uid=47 LIMIT 1 
[ 2016-03-10T09:57:20+08:00 ] SQL:  RunTime:0.000431s SQL = SELECT uid,realname,phone,reason,info FROM `ts_user_verified` WHERE verified='1' and uid=47 LIMIT 1 
[ 2016-03-10T09:57:20+08:00 ] SQL:  RunTime:0.000598s SQL = SELECT * FROM `ts_user` WHERE uid=48 LIMIT 1 
[ 2016-03-10T09:57:20+08:00 ] SQL:  RunTime:0.000435s SQL = SELECT * FROM `ts_credit_user` WHERE uid=48 LIMIT 1 
[ 2016-03-10T09:57:20+08:00 ] SQL:  RunTime:0.000443s SQL = SELECT uid,realname,phone,reason,info FROM `ts_user_verified` WHERE verified='1' and uid=48 LIMIT 1 
[ 2016-03-10T09:57:20+08:00 ] SQL:  RunTime:0.000916s SQL = SHOW COLUMNS FROM ts_faq
[ 2016-03-10T09:57:20+08:00 ] SQL:  RunTime:0.000361s SQL = SELECT count(1) as count FROM `ts_faq` LIMIT 1 
[ 2016-03-10T09:57:54+08:00 ] SQL:  RunTime:0.000348s SQL = REPLACE INTO ts_user_online (`uid`,`ctime`) VALUES ("1", "1457575074")
[ 2016-03-10T10:05:30+08:00 ] SQL:  RunTime:0.000326s SQL = REPLACE INTO ts_user_online (`uid`,`ctime`) VALUES ("1", "1457575530")
[ 2016-03-10T10:08:39+08:00 ] SQL:  RunTime:0.001418s SQL = SHOW COLUMNS FROM ts_app_article
[ 2016-03-10T10:08:39+08:00 ] SQL:  RunTime:0.000426s SQL = SELECT count(1) as count FROM `ts_app_article` LIMIT 1 
[ 2016-03-10T10:08:39+08:00 ] SQL:  RunTime:0.001333s SQL = SELECT * FROM `ts_app_article` ORDER BY ctime DESC LIMIT 0,20 
[ 2016-03-10T10:08:40+08:00 ] SQL:  RunTime:0.001461s SQL = SHOW COLUMNS FROM ts_app_config
[ 2016-03-10T10:08:40+08:00 ] SQL:  RunTime:0.000448s SQL = SELECT count(1) as count FROM `ts_app_config` LIMIT 1 
[ 2016-03-10T10:08:40+08:00 ] SQL:  RunTime:0.002291s SQL = SELECT * FROM `ts_app_config` ORDER BY type asc,content asc LIMIT 0,20 
[ 2016-03-10T10:08:40+08:00 ] SQL:  RunTime:0.000669s SQL = SELECT * FROM `ts_app_config` ORDER BY type asc,content asc
[ 2016-03-10T10:08:40+08:00 ] SQL:  RunTime:0.000684s SQL = SELECT * FROM `ts_app_config` WHERE type=4 ORDER BY width asc,height asc
[ 2016-03-10T10:08:40+08:00 ] SQL:  RunTime:0.001425s SQL = SHOW COLUMNS FROM ts_app_test_package
[ 2016-03-10T10:08:40+08:00 ] SQL:  RunTime:0.003295s SQL = SELECT id,title FROM `ts_app_test_package`
[ 2016-03-10T10:08:40+08:00 ] SQL:  RunTime:0.001697s SQL = SHOW COLUMNS FROM ts_app_client
[ 2016-03-10T10:08:40+08:00 ] SQL:  RunTime:0.000402s SQL = SELECT count(1) as count FROM `ts_app_client` LIMIT 1 
[ 2016-03-10T10:08:40+08:00 ] SQL:  RunTime:0.000788s SQL = SELECT * FROM `ts_app_client` ORDER BY devState desc ,isEnabled desc LIMIT 0,20 
[ 2016-03-10T10:08:42+08:00 ] SQL:  RunTime:0.000312s SQL = SELECT count(1) as count FROM `ts_app_test_package` LIMIT 1 
[ 2016-03-10T10:08:42+08:00 ] SQL:  RunTime:0.000492s SQL = SELECT * FROM `ts_app_test_package` ORDER BY id ASC LIMIT 0,20 
[ 2016-03-10T10:27:45+08:00 ] SQL:  RunTime:0.000355s SQL = REPLACE INTO ts_user_online (`uid`,`ctime`) VALUES ("1", "1457576865")
[ 2016-03-10T10:37:35+08:00 ] SQL:  RunTime:0.000434s SQL = REPLACE INTO ts_user_online (`uid`,`ctime`) VALUES ("1", "1457577455")
[ 2016-03-10T10:38:27+08:00 ] SQL:  RunTime:0.000289s SQL = SELECT VERSION() as version
[ 2016-03-10T10:38:27+08:00 ] SQL:  RunTime:0.016022s SQL = SHOW TABLE STATUS LIKE 'ts_%'
[ 2016-03-10T10:38:27+08:00 ] SQL:  RunTime:0.000564s SQL = SELECT COUNT(*) AS count FROM ts_user_online WHERE `ctime` > 1457576607
[ 2016-03-10T10:38:27+08:00 ] SQL:  RunTime:0.000423s SQL = SELECT count(1) as count FROM `ts_user` LIMIT 1 
[ 2016-03-10T10:38:27+08:00 ] SQL:  RunTime:0.030795s SQL = SELECT count(1) as count FROM `ts_user` WHERE `is_active` = 1 LIMIT 1 
[ 2016-03-10T10:38:27+08:00 ] SQL:  RunTime:0.000386s SQL = SELECT app_name,app_alias,statistics_entry FROM `ts_app` WHERE `statistics_entry`<>"" ORDER BY display_order ASC
[ 2016-03-10T10:38:27+08:00 ] SQL:  RunTime:0.000277s SQL = SELECT VERSION() as version
[ 2016-03-10T10:38:27+08:00 ] SQL:  RunTime:0.016963s SQL = SHOW TABLE STATUS LIKE 'ts_%'
[ 2016-03-10T10:38:27+08:00 ] SQL:  RunTime:0.000589s SQL = SELECT COUNT(*) AS count FROM ts_user_online WHERE `ctime` > 1457576607
[ 2016-03-10T10:38:27+08:00 ] SQL:  RunTime:0.000436s SQL = SELECT count(1) as count FROM `ts_user` LIMIT 1 
[ 2016-03-10T10:38:27+08:00 ] SQL:  RunTime:0.028833s SQL = SELECT count(1) as count FROM `ts_user` WHERE `is_active` = 1 LIMIT 1 
[ 2016-03-10T10:38:27+08:00 ] SQL:  RunTime:0.000427s SQL = SELECT app_name,app_alias,statistics_entry FROM `ts_app` WHERE `statistics_entry`<>"" ORDER BY display_order ASC
[ 2016-03-10T10:38:29+08:00 ] SQL:  RunTime:0.000349s SQL = SELECT count(1) as count FROM `ts_faq` LIMIT 1 
[ 2016-03-10T10:59:23+08:00 ] SQL:  RunTime:0.001176s SQL = SHOW COLUMNS FROM ts_credit_user_log
[ 2016-03-10T10:59:23+08:00 ] SQL:  RunTime:0.002094s SQL = SELECT count(1) as count FROM `ts_credit_user_log` LIMIT 1 
[ 2016-03-10T10:59:23+08:00 ] SQL:  RunTime:0.003702s SQL = SELECT * FROM `ts_credit_user_log` ORDER BY ctime DESC LIMIT 0,20 
[ 2016-03-10T10:59:23+08:00 ] SQL:  RunTime:0.001002s SQL = SELECT * FROM `ts_user` WHERE uid=1539 LIMIT 1 
[ 2016-03-10T10:59:23+08:00 ] SQL:  RunTime:0.002717s SQL = SELECT * FROM `ts_credit_user` WHERE uid=1539 LIMIT 1 
[ 2016-03-10T10:59:23+08:00 ] SQL:  RunTime:0.000676s SQL = SELECT * FROM `ts_user` WHERE uid=54 LIMIT 1 
[ 2016-03-10T10:59:23+08:00 ] SQL:  RunTime:0.000787s SQL = SELECT * FROM `ts_credit_user` WHERE uid=54 LIMIT 1 
[ 2016-03-10T10:59:23+08:00 ] SQL:  RunTime:0.001312s SQL = SELECT * FROM `ts_user` WHERE uid=25069 LIMIT 1 
[ 2016-03-10T10:59:23+08:00 ] SQL:  RunTime:0.000758s SQL = SELECT * FROM `ts_credit_user` WHERE uid=25069 LIMIT 1 
[ 2016-03-10T10:59:23+08:00 ] SQL:  RunTime:0.000657s SQL = SELECT * FROM `ts_user` WHERE uid=25068 LIMIT 1 
[ 2016-03-10T10:59:23+08:00 ] SQL:  RunTime:0.000488s SQL = SELECT * FROM `ts_credit_user` WHERE uid=25068 LIMIT 1 
[ 2016-03-10T10:59:23+08:00 ] SQL:  RunTime:0.000669s SQL = SELECT * FROM `ts_user` WHERE uid=25066 LIMIT 1 
[ 2016-03-10T10:59:23+08:00 ] SQL:  RunTime:0.000467s SQL = SELECT * FROM `ts_credit_user` WHERE uid=25066 LIMIT 1 
[ 2016-03-10T10:59:23+08:00 ] SQL:  RunTime:0.000649s SQL = SELECT * FROM `ts_user` WHERE uid=25065 LIMIT 1 
[ 2016-03-10T10:59:23+08:00 ] SQL:  RunTime:0.000695s SQL = SELECT * FROM `ts_credit_user` WHERE uid=25065 LIMIT 1 
[ 2016-03-10T10:59:23+08:00 ] SQL:  RunTime:0.000870s SQL = SELECT * FROM `ts_user` WHERE uid=25064 LIMIT 1 
[ 2016-03-10T10:59:23+08:00 ] SQL:  RunTime:0.000588s SQL = SELECT * FROM `ts_credit_user` WHERE uid=25064 LIMIT 1 
[ 2016-03-10T10:59:23+08:00 ] SQL:  RunTime:0.000694s SQL = SELECT * FROM `ts_user` WHERE uid=25063 LIMIT 1 
[ 2016-03-10T10:59:23+08:00 ] SQL:  RunTime:0.000517s SQL = SELECT * FROM `ts_credit_user` WHERE uid=25063 LIMIT 1 
[ 2016-03-10T10:59:23+08:00 ] SQL:  RunTime:0.000711s SQL = SELECT * FROM `ts_user` WHERE uid=25061 LIMIT 1 
[ 2016-03-10T10:59:23+08:00 ] SQL:  RunTime:0.000543s SQL = SELECT * FROM `ts_credit_user` WHERE uid=25061 LIMIT 1 
[ 2016-03-10T10:59:27+08:00 ] SQL:  RunTime:0.001247s SQL = SHOW COLUMNS FROM ts_admin_log
[ 2016-03-10T10:59:27+08:00 ] SQL:  RunTime:0.000412s SQL = SELECT count(1) as count FROM `ts_admin_log` LIMIT 1 
[ 2016-03-10T10:59:27+08:00 ] SQL:  RunTime:0.004980s SQL = SELECT * FROM `ts_admin_log` ORDER BY ID DESC LIMIT 0,20 
[ 2016-03-10T11:02:10+08:00 ] SQL:  RunTime:0.001110s SQL = SELECT * FROM `ts_user` WHERE uid=63 LIMIT 1 
[ 2016-03-10T11:02:10+08:00 ] SQL:  RunTime:0.000510s SQL = SELECT * FROM `ts_credit_user` WHERE uid=63 LIMIT 1 
[ 2016-03-10T11:02:14+08:00 ] SQL:  RunTime:0.000299s SQL = SELECT count(1) as count FROM `ts_faq` LIMIT 1 
[ 2016-03-10T11:05:28+08:00 ] SQL:  RunTime:0.001379s SQL = SELECT count(1) as count FROM `ts_credit_user_log` LIMIT 1 
[ 2016-03-10T11:05:28+08:00 ] SQL:  RunTime:0.002714s SQL = SELECT * FROM `ts_credit_user_log` ORDER BY ctime DESC LIMIT 0,20 
[ 2016-03-10T11:05:33+08:00 ] SQL:  RunTime:0.000595s SQL = SELECT count(1) as count FROM `ts_admin_log` LIMIT 1 
[ 2016-03-10T11:05:33+08:00 ] SQL:  RunTime:0.001490s SQL = SELECT * FROM `ts_admin_log` ORDER BY ID DESC LIMIT 0,20 
[ 2016-03-10T11:11:19+08:00 ] SQL:  RunTime:0.001254s SQL = SHOW COLUMNS FROM ts_user_feedback
[ 2016-03-10T11:11:19+08:00 ] SQL:  RunTime:0.000499s SQL = SELECT count(1) as count FROM `ts_user_feedback` WHERE ( `isdel` = 0 ) LIMIT 1 
[ 2016-03-10T11:11:19+08:00 ] SQL:  RunTime:0.000721s SQL = SELECT * FROM `ts_user_feedback` WHERE ( `isdel` = 0 ) ORDER BY ctime DESC LIMIT 0,20 
[ 2016-03-10T11:11:19+08:00 ] SQL:  RunTime:0.000609s SQL = SELECT * FROM `ts_user` WHERE uid=25055 LIMIT 1 
[ 2016-03-10T11:11:19+08:00 ] SQL:  RunTime:0.000571s SQL = SELECT * FROM `ts_credit_user` WHERE uid=25055 LIMIT 1 
[ 2016-03-10T11:11:19+08:00 ] SQL:  RunTime:0.000589s SQL = SELECT * FROM `ts_user` WHERE uid=25042 LIMIT 1 
[ 2016-03-10T11:11:19+08:00 ] SQL:  RunTime:0.000541s SQL = SELECT * FROM `ts_credit_user` WHERE uid=25042 LIMIT 1 
[ 2016-03-10T11:11:19+08:00 ] SQL:  RunTime:0.000590s SQL = SELECT * FROM `ts_user` WHERE uid=25035 LIMIT 1 
[ 2016-03-10T11:11:19+08:00 ] SQL:  RunTime:0.000481s SQL = SELECT * FROM `ts_credit_user` WHERE uid=25035 LIMIT 1 
[ 2016-03-10T11:11:19+08:00 ] SQL:  RunTime:0.000573s SQL = SELECT * FROM `ts_user` WHERE uid=79 LIMIT 1 
[ 2016-03-10T11:11:19+08:00 ] SQL:  RunTime:0.000504s SQL = SELECT * FROM `ts_credit_user` WHERE uid=79 LIMIT 1 
[ 2016-03-10T11:11:19+08:00 ] SQL:  RunTime:0.000588s SQL = SELECT * FROM `ts_user` WHERE uid=78 LIMIT 1 
[ 2016-03-10T11:11:19+08:00 ] SQL:  RunTime:0.000454s SQL = SELECT * FROM `ts_credit_user` WHERE uid=78 LIMIT 1 
[ 2016-03-10T11:11:19+08:00 ] SQL:  RunTime:0.000652s SQL = SELECT * FROM `ts_user` WHERE uid=69 LIMIT 1 
[ 2016-03-10T11:11:19+08:00 ] SQL:  RunTime:0.000540s SQL = SELECT * FROM `ts_credit_user` WHERE uid=69 LIMIT 1 
[ 2016-03-10T11:11:19+08:00 ] SQL:  RunTime:0.000747s SQL = SELECT * FROM `ts_user` WHERE uid=62 LIMIT 1 
[ 2016-03-10T11:11:19+08:00 ] SQL:  RunTime:0.000617s SQL = SELECT * FROM `ts_credit_user` WHERE uid=62 LIMIT 1 
[ 2016-03-10T11:11:25+08:00 ] SQL:  RunTime:0.000353s SQL = SELECT count(1) as count FROM `ts_user_feedback` WHERE ( `isdel` = 0 ) LIMIT 1 
[ 2016-03-10T11:11:25+08:00 ] SQL:  RunTime:0.000720s SQL = SELECT * FROM `ts_user_feedback` WHERE ( `isdel` = 0 ) ORDER BY ctime DESC LIMIT 20,20 
[ 2016-03-10T11:11:25+08:00 ] SQL:  RunTime:0.000608s SQL = SELECT * FROM `ts_user` WHERE uid=26 LIMIT 1 
[ 2016-03-10T11:11:25+08:00 ] SQL:  RunTime:0.000518s SQL = SELECT * FROM `ts_credit_user` WHERE uid=26 LIMIT 1 
[ 2016-03-10T11:11:28+08:00 ] SQL:  RunTime:0.000422s SQL = SELECT count(1) as count FROM `ts_user_feedback` WHERE ( `isdel` = 0 ) LIMIT 1 
[ 2016-03-10T11:11:28+08:00 ] SQL:  RunTime:0.000815s SQL = SELECT * FROM `ts_user_feedback` WHERE ( `isdel` = 0 ) ORDER BY ctime DESC LIMIT 0,20 
[ 2016-03-10T13:18:23+08:00 ] SQL:  RunTime:0.000313s SQL = REPLACE INTO ts_user_online (`uid`,`ctime`) VALUES ("1", "1457587103")
[ 2016-03-10T13:18:23+08:00 ] SQL:  RunTime:0.001294s SQL = SELECT * FROM `ts_user_feedback` WHERE ( `id` = '46' ) AND ( `isdel` = 0 ) LIMIT 1 
[ 2016-03-10T13:18:23+08:00 ] SQL:  RunTime:0.004956s SQL = SHOW COLUMNS FROM ts_user_feedback_reply
[ 2016-03-10T13:18:23+08:00 ] SQL:  RunTime:0.000774s SQL = SELECT count(1) as count FROM `ts_user_feedback_reply` WHERE ( `fid` = '46' ) AND ( `isdel` = 0 ) LIMIT 1 
[ 2016-03-10T13:18:37+08:00 ] SQL:  RunTime:0.000816s SQL = SELECT count(1) as count FROM `ts_user_feedback` WHERE ( `isdel` = 0 ) LIMIT 1 
[ 2016-03-10T13:18:37+08:00 ] SQL:  RunTime:0.001049s SQL = SELECT * FROM `ts_user_feedback` WHERE ( `isdel` = 0 ) ORDER BY ctime DESC LIMIT 0,20 
[ 2016-03-10T13:44:11+08:00 ] SQL:  RunTime:0.000463s SQL = REPLACE INTO ts_user_online (`uid`,`ctime`) VALUES ("1", "1457588651")
[ 2016-03-10T14:59:22+08:00 ] SQL:  RunTime:0.000616s SQL = SELECT count(1) as count FROM `ts_user_feedback` WHERE ( `isdel` = 0 ) LIMIT 1 
[ 2016-03-10T14:59:22+08:00 ] SQL:  RunTime:0.000886s SQL = SELECT * FROM `ts_user_feedback` WHERE ( `isdel` = 0 ) ORDER BY ctime DESC LIMIT 0,20 
[ 2016-03-10T15:01:50+08:00 ] SQL:  RunTime:0.000307s SQL = SELECT VERSION() as version
[ 2016-03-10T15:01:51+08:00 ] SQL:  RunTime:0.070687s SQL = SHOW TABLE STATUS LIKE 'ts_%'
[ 2016-03-10T15:01:51+08:00 ] SQL:  RunTime:0.000581s SQL = SELECT COUNT(*) AS count FROM ts_user_online WHERE `ctime` > 1457592411
[ 2016-03-10T15:01:51+08:00 ] SQL:  RunTime:0.000367s SQL = SELECT count(1) as count FROM `ts_user` LIMIT 1 
[ 2016-03-10T15:01:51+08:00 ] SQL:  RunTime:0.029760s SQL = SELECT count(1) as count FROM `ts_user` WHERE `is_active` = 1 LIMIT 1 
[ 2016-03-10T15:01:51+08:00 ] SQL:  RunTime:0.000541s SQL = SELECT app_name,app_alias,statistics_entry FROM `ts_app` WHERE `statistics_entry`<>"" ORDER BY display_order ASC
[ 2016-03-10T15:01:51+08:00 ] SQL:  RunTime:0.000287s SQL = SELECT VERSION() as version
[ 2016-03-10T15:01:51+08:00 ] SQL:  RunTime:0.032668s SQL = SHOW TABLE STATUS LIKE 'ts_%'
[ 2016-03-10T15:01:51+08:00 ] SQL:  RunTime:0.000621s SQL = SELECT COUNT(*) AS count FROM ts_user_online WHERE `ctime` > 1457592411
[ 2016-03-10T15:01:51+08:00 ] SQL:  RunTime:0.000457s SQL = SELECT count(1) as count FROM `ts_user` LIMIT 1 
[ 2016-03-10T15:01:52+08:00 ] SQL:  RunTime:0.069314s SQL = SELECT count(1) as count FROM `ts_user` WHERE `is_active` = 1 LIMIT 1 
[ 2016-03-10T15:01:52+08:00 ] SQL:  RunTime:0.000686s SQL = SELECT app_name,app_alias,statistics_entry FROM `ts_app` WHERE `statistics_entry`<>"" ORDER BY display_order ASC
[ 2016-03-10T15:01:52+08:00 ] SQL:  RunTime:0.000401s SQL = SELECT count(1) as count FROM `ts_faq` LIMIT 1 
[ 2016-03-10T15:08:14+08:00 ] SQL:  RunTime:0.000320s SQL = SELECT VERSION() as version
[ 2016-03-10T15:08:14+08:00 ] SQL:  RunTime:0.017917s SQL = SHOW TABLE STATUS LIKE 'ts_%'
[ 2016-03-10T15:08:14+08:00 ] SQL:  RunTime:0.000598s SQL = SELECT COUNT(*) AS count FROM ts_user_online WHERE `ctime` > 1457592794
[ 2016-03-10T15:08:14+08:00 ] SQL:  RunTime:0.012099s SQL = SELECT count(1) as count FROM `ts_user` LIMIT 1 
[ 2016-03-10T15:08:14+08:00 ] SQL:  RunTime:0.044793s SQL = SELECT count(1) as count FROM `ts_user` WHERE `is_active` = 1 LIMIT 1 
[ 2016-03-10T15:08:14+08:00 ] SQL:  RunTime:0.000513s SQL = SELECT app_name,app_alias,statistics_entry FROM `ts_app` WHERE `statistics_entry`<>"" ORDER BY display_order ASC
[ 2016-03-10T15:08:14+08:00 ] SQL:  RunTime:0.000280s SQL = SELECT VERSION() as version
[ 2016-03-10T15:08:14+08:00 ] SQL:  RunTime:0.015970s SQL = SHOW TABLE STATUS LIKE 'ts_%'
[ 2016-03-10T15:08:14+08:00 ] SQL:  RunTime:0.000697s SQL = SELECT COUNT(*) AS count FROM ts_user_online WHERE `ctime` > 1457592794
[ 2016-03-10T15:08:14+08:00 ] SQL:  RunTime:0.000512s SQL = SELECT count(1) as count FROM `ts_user` LIMIT 1 
[ 2016-03-10T15:08:14+08:00 ] SQL:  RunTime:0.030862s SQL = SELECT count(1) as count FROM `ts_user` WHERE `is_active` = 1 LIMIT 1 
[ 2016-03-10T15:08:14+08:00 ] SQL:  RunTime:0.000378s SQL = SELECT app_name,app_alias,statistics_entry FROM `ts_app` WHERE `statistics_entry`<>"" ORDER BY display_order ASC
[ 2016-03-10T15:08:16+08:00 ] SQL:  RunTime:0.000314s SQL = SELECT count(1) as count FROM `ts_faq` LIMIT 1 
[ 2016-03-10T15:09:48+08:00 ] SQL:  RunTime:0.000268s SQL = SELECT VERSION() as version
[ 2016-03-10T15:09:48+08:00 ] SQL:  RunTime:0.015842s SQL = SHOW TABLE STATUS LIKE 'ts_%'
[ 2016-03-10T15:09:48+08:00 ] SQL:  RunTime:0.000531s SQL = SELECT COUNT(*) AS count FROM ts_user_online WHERE `ctime` > 1457592888
[ 2016-03-10T15:09:48+08:00 ] SQL:  RunTime:0.000420s SQL = SELECT count(1) as count FROM `ts_user` LIMIT 1 
[ 2016-03-10T15:09:48+08:00 ] SQL:  RunTime:0.029690s SQL = SELECT count(1) as count FROM `ts_user` WHERE `is_active` = 1 LIMIT 1 
[ 2016-03-10T15:09:48+08:00 ] SQL:  RunTime:0.000425s SQL = SELECT app_name,app_alias,statistics_entry FROM `ts_app` WHERE `statistics_entry`<>"" ORDER BY display_order ASC
[ 2016-03-10T15:09:48+08:00 ] SQL:  RunTime:0.000240s SQL = SELECT VERSION() as version
[ 2016-03-10T15:09:48+08:00 ] SQL:  RunTime:0.016425s SQL = SHOW TABLE STATUS LIKE 'ts_%'
[ 2016-03-10T15:09:48+08:00 ] SQL:  RunTime:0.000922s SQL = SELECT COUNT(*) AS count FROM ts_user_online WHERE `ctime` > 1457592888
[ 2016-03-10T15:09:48+08:00 ] SQL:  RunTime:0.000376s SQL = SELECT count(1) as count FROM `ts_user` LIMIT 1 
[ 2016-03-10T15:09:48+08:00 ] SQL:  RunTime:0.030387s SQL = SELECT count(1) as count FROM `ts_user` WHERE `is_active` = 1 LIMIT 1 
[ 2016-03-10T15:09:48+08:00 ] SQL:  RunTime:0.000396s SQL = SELECT app_name,app_alias,statistics_entry FROM `ts_app` WHERE `statistics_entry`<>"" ORDER BY display_order ASC
[ 2016-03-10T15:09:50+08:00 ] SQL:  RunTime:0.000388s SQL = SELECT count(1) as count FROM `ts_faq` LIMIT 1 
[ 2016-03-10T15:10:42+08:00 ] SQL:  RunTime:0.000254s SQL = SELECT VERSION() as version
[ 2016-03-10T15:10:42+08:00 ] SQL:  RunTime:0.020558s SQL = SHOW TABLE STATUS LIKE 'ts_%'
[ 2016-03-10T15:10:42+08:00 ] SQL:  RunTime:0.000647s SQL = SELECT COUNT(*) AS count FROM ts_user_online WHERE `ctime` > 1457592942
[ 2016-03-10T15:10:42+08:00 ] SQL:  RunTime:0.000404s SQL = SELECT count(1) as count FROM `ts_user` LIMIT 1 
[ 2016-03-10T15:10:42+08:00 ] SQL:  RunTime:0.032740s SQL = SELECT count(1) as count FROM `ts_user` WHERE `is_active` = 1 LIMIT 1 
[ 2016-03-10T15:10:42+08:00 ] SQL:  RunTime:0.000438s SQL = SELECT app_name,app_alias,statistics_entry FROM `ts_app` WHERE `statistics_entry`<>"" ORDER BY display_order ASC
[ 2016-03-10T15:10:43+08:00 ] SQL:  RunTime:0.000274s SQL = SELECT VERSION() as version
[ 2016-03-10T15:10:43+08:00 ] SQL:  RunTime:0.015990s SQL = SHOW TABLE STATUS LIKE 'ts_%'
[ 2016-03-10T15:10:43+08:00 ] SQL:  RunTime:0.000526s SQL = SELECT COUNT(*) AS count FROM ts_user_online WHERE `ctime` > 1457592943
[ 2016-03-10T15:10:43+08:00 ] SQL:  RunTime:0.000388s SQL = SELECT count(1) as count FROM `ts_user` LIMIT 1 
[ 2016-03-10T15:10:43+08:00 ] SQL:  RunTime:0.029111s SQL = SELECT count(1) as count FROM `ts_user` WHERE `is_active` = 1 LIMIT 1 
[ 2016-03-10T15:10:43+08:00 ] SQL:  RunTime:0.000392s SQL = SELECT app_name,app_alias,statistics_entry FROM `ts_app` WHERE `statistics_entry`<>"" ORDER BY display_order ASC
[ 2016-03-10T15:10:44+08:00 ] SQL:  RunTime:0.000356s SQL = SELECT count(1) as count FROM `ts_faq` LIMIT 1 
[ 2016-03-10T15:11:26+08:00 ] SQL:  RunTime:0.000289s SQL = SELECT VERSION() as version
[ 2016-03-10T15:11:26+08:00 ] SQL:  RunTime:0.019440s SQL = SHOW TABLE STATUS LIKE 'ts_%'
[ 2016-03-10T15:11:26+08:00 ] SQL:  RunTime:0.000547s SQL = SELECT COUNT(*) AS count FROM ts_user_online WHERE `ctime` > 1457592986
[ 2016-03-10T15:11:26+08:00 ] SQL:  RunTime:0.000371s SQL = SELECT count(1) as count FROM `ts_user` LIMIT 1 
[ 2016-03-10T15:11:26+08:00 ] SQL:  RunTime:0.052417s SQL = SELECT count(1) as count FROM `ts_user` WHERE `is_active` = 1 LIMIT 1 
[ 2016-03-10T15:11:26+08:00 ] SQL:  RunTime:0.000547s SQL = SELECT app_name,app_alias,statistics_entry FROM `ts_app` WHERE `statistics_entry`<>"" ORDER BY display_order ASC
[ 2016-03-10T15:11:26+08:00 ] SQL:  RunTime:0.000256s SQL = SELECT VERSION() as version
[ 2016-03-10T15:11:26+08:00 ] SQL:  RunTime:0.017566s SQL = SHOW TABLE STATUS LIKE 'ts_%'
[ 2016-03-10T15:11:26+08:00 ] SQL:  RunTime:0.000575s SQL = SELECT COUNT(*) AS count FROM ts_user_online WHERE `ctime` > 1457592986
[ 2016-03-10T15:11:26+08:00 ] SQL:  RunTime:0.000342s SQL = SELECT count(1) as count FROM `ts_user` LIMIT 1 
[ 2016-03-10T15:11:26+08:00 ] SQL:  RunTime:0.029728s SQL = SELECT count(1) as count FROM `ts_user` WHERE `is_active` = 1 LIMIT 1 
[ 2016-03-10T15:11:26+08:00 ] SQL:  RunTime:0.000356s SQL = SELECT app_name,app_alias,statistics_entry FROM `ts_app` WHERE `statistics_entry`<>"" ORDER BY display_order ASC
[ 2016-03-10T15:11:27+08:00 ] SQL:  RunTime:0.000362s SQL = SELECT count(1) as count FROM `ts_faq` LIMIT 1 
[ 2016-03-10T15:12:50+08:00 ] SQL:  RunTime:0.000309s SQL = SELECT VERSION() as version
[ 2016-03-10T15:12:50+08:00 ] SQL:  RunTime:0.025205s SQL = SHOW TABLE STATUS LIKE 'ts_%'
[ 2016-03-10T15:12:50+08:00 ] SQL:  RunTime:0.000594s SQL = SELECT COUNT(*) AS count FROM ts_user_online WHERE `ctime` > 1457593070
[ 2016-03-10T15:12:50+08:00 ] SQL:  RunTime:0.000521s SQL = SELECT count(1) as count FROM `ts_user` LIMIT 1 
[ 2016-03-10T15:12:50+08:00 ] SQL:  RunTime:0.029205s SQL = SELECT count(1) as count FROM `ts_user` WHERE `is_active` = 1 LIMIT 1 
[ 2016-03-10T15:12:50+08:00 ] SQL:  RunTime:0.000391s SQL = SELECT app_name,app_alias,statistics_entry FROM `ts_app` WHERE `statistics_entry`<>"" ORDER BY display_order ASC
[ 2016-03-10T15:12:50+08:00 ] SQL:  RunTime:0.000258s SQL = SELECT VERSION() as version
[ 2016-03-10T15:12:50+08:00 ] SQL:  RunTime:0.017137s SQL = SHOW TABLE STATUS LIKE 'ts_%'
[ 2016-03-10T15:12:50+08:00 ] SQL:  RunTime:0.000629s SQL = SELECT COUNT(*) AS count FROM ts_user_online WHERE `ctime` > 1457593070
[ 2016-03-10T15:12:50+08:00 ] SQL:  RunTime:0.000402s SQL = SELECT count(1) as count FROM `ts_user` LIMIT 1 
[ 2016-03-10T15:12:50+08:00 ] SQL:  RunTime:0.030167s SQL = SELECT count(1) as count FROM `ts_user` WHERE `is_active` = 1 LIMIT 1 
[ 2016-03-10T15:12:50+08:00 ] SQL:  RunTime:0.000344s SQL = SELECT app_name,app_alias,statistics_entry FROM `ts_app` WHERE `statistics_entry`<>"" ORDER BY display_order ASC
[ 2016-03-10T15:12:52+08:00 ] SQL:  RunTime:0.000415s SQL = SELECT count(1) as count FROM `ts_faq` LIMIT 1 
[ 2016-03-10T15:23:36+08:00 ] SQL:  RunTime:0.001126s SQL = SELECT * FROM `ts_user_group` ORDER BY user_group_id ASC
[ 2016-03-10T15:23:45+08:00 ] SQL:  RunTime:0.000328s SQL = SELECT count(1) as count FROM `ts_user` LIMIT 1 
[ 2016-03-10T15:23:45+08:00 ] SQL:  RunTime:0.005706s SQL = SELECT * FROM `ts_user` ORDER BY uid ASC LIMIT 0,30 
[ 2016-03-10T15:23:45+08:00 ] SQL:  RunTime:0.002453s SQL = SELECT * FROM `ts_user_group_link` WHERE ( `uid` IN ('1','7','18','19','20','21','22','23','24','25','27','28','29','30','31','32','33','35','36','37','38','39','40','41','43','44','45','46','47','48') ) ORDER BY user_group_id ASC
[ 2016-03-10T15:23:45+08:00 ] SQL:  RunTime:0.000919s SQL = SELECT uid, oauth_token, oauth_token_secret FROM `ts_login` WHERE ( `uid` IN ('1','7','18','19','20','21','22','23','24','25','27','28','29','30','31','32','33','35','36','37','38','39','40','41','43','44','45','46','47','48') )
[ 2016-03-10T15:23:46+08:00 ] SQL:  RunTime:0.000542s SQL = SELECT user_group_id,title FROM `ts_user_group` ORDER BY user_group_id ASC
[ 2016-03-10T15:23:54+08:00 ] SQL:  RunTime:0.000341s SQL = SELECT count(1) as count FROM `ts_user` LIMIT 1 
[ 2016-03-10T15:23:54+08:00 ] SQL:  RunTime:0.001036s SQL = SELECT * FROM `ts_user` ORDER BY uid ASC LIMIT 30,30 
[ 2016-03-10T15:23:54+08:00 ] SQL:  RunTime:0.000782s SQL = SELECT * FROM `ts_user_group_link` WHERE ( `uid` IN ('49','50','51','52','53','54','55','56','57','58','59','60','61','62','63','64','65','66','67','68','69','70','71','72','74','75','76','77','78','79') ) ORDER BY user_group_id ASC
[ 2016-03-10T15:23:54+08:00 ] SQL:  RunTime:0.000671s SQL = SELECT uid, oauth_token, oauth_token_secret FROM `ts_login` WHERE ( `uid` IN ('49','50','51','52','53','54','55','56','57','58','59','60','61','62','63','64','65','66','67','68','69','70','71','72','74','75','76','77','78','79') )
[ 2016-03-10T15:23:54+08:00 ] SQL:  RunTime:0.000480s SQL = SELECT user_group_id,title FROM `ts_user_group` ORDER BY user_group_id ASC
[ 2016-03-10T15:23:54+08:00 ] SQL:  RunTime:0.000645s SQL = SELECT * FROM `ts_user` WHERE uid=49 LIMIT 1 
[ 2016-03-10T15:23:54+08:00 ] SQL:  RunTime:0.000751s SQL = SELECT * FROM `ts_credit_user` WHERE uid=49 LIMIT 1 
[ 2016-03-10T15:23:54+08:00 ] SQL:  RunTime:0.000479s SQL = SELECT uid,realname,phone,reason,info FROM `ts_user_verified` WHERE verified='1' and uid=49 LIMIT 1 
[ 2016-03-10T15:23:54+08:00 ] SQL:  RunTime:0.000596s SQL = SELECT * FROM `ts_user` WHERE uid=50 LIMIT 1 
[ 2016-03-10T15:23:54+08:00 ] SQL:  RunTime:0.000551s SQL = SELECT * FROM `ts_credit_user` WHERE uid=50 LIMIT 1 
[ 2016-03-10T15:23:54+08:00 ] SQL:  RunTime:0.000506s SQL = SELECT uid,realname,phone,reason,info FROM `ts_user_verified` WHERE verified='1' and uid=50 LIMIT 1 
[ 2016-03-10T15:23:54+08:00 ] SQL:  RunTime:0.000627s SQL = SELECT * FROM `ts_user` WHERE uid=51 LIMIT 1 
[ 2016-03-10T15:23:54+08:00 ] SQL:  RunTime:0.000865s SQL = SELECT * FROM `ts_credit_user` WHERE uid=51 LIMIT 1 
[ 2016-03-10T15:23:54+08:00 ] SQL:  RunTime:0.000497s SQL = SELECT uid,realname,phone,reason,info FROM `ts_user_verified` WHERE verified='1' and uid=51 LIMIT 1 
[ 2016-03-10T15:23:54+08:00 ] SQL:  RunTime:0.000705s SQL = SELECT * FROM `ts_user` WHERE uid=52 LIMIT 1 
[ 2016-03-10T15:23:54+08:00 ] SQL:  RunTime:0.000541s SQL = SELECT * FROM `ts_credit_user` WHERE uid=52 LIMIT 1 
[ 2016-03-10T15:23:54+08:00 ] SQL:  RunTime:0.000535s SQL = SELECT uid,realname,phone,reason,info FROM `ts_user_verified` WHERE verified='1' and uid=52 LIMIT 1 
[ 2016-03-10T15:23:54+08:00 ] SQL:  RunTime:0.000636s SQL = SELECT * FROM `ts_user` WHERE uid=53 LIMIT 1 
[ 2016-03-10T15:23:54+08:00 ] SQL:  RunTime:0.000727s SQL = SELECT * FROM `ts_credit_user` WHERE uid=53 LIMIT 1 
[ 2016-03-10T15:23:54+08:00 ] SQL:  RunTime:0.000556s SQL = SELECT uid,realname,phone,reason,info FROM `ts_user_verified` WHERE verified='1' and uid=53 LIMIT 1 
[ 2016-03-10T15:23:54+08:00 ] SQL:  RunTime:0.000551s SQL = SELECT uid,realname,phone,reason,info FROM `ts_user_verified` WHERE verified='1' and uid=54 LIMIT 1 
[ 2016-03-10T15:23:54+08:00 ] SQL:  RunTime:0.000599s SQL = SELECT * FROM `ts_user` WHERE uid=55 LIMIT 1 
[ 2016-03-10T15:23:54+08:00 ] SQL:  RunTime:0.000536s SQL = SELECT * FROM `ts_credit_user` WHERE uid=55 LIMIT 1 
[ 2016-03-10T15:23:54+08:00 ] SQL:  RunTime:0.000608s SQL = SELECT uid,realname,phone,reason,info FROM `ts_user_verified` WHERE verified='1' and uid=55 LIMIT 1 
[ 2016-03-10T15:23:54+08:00 ] SQL:  RunTime:0.000673s SQL = SELECT * FROM `ts_user` WHERE uid=56 LIMIT 1 
[ 2016-03-10T15:23:54+08:00 ] SQL:  RunTime:0.000569s SQL = SELECT * FROM `ts_credit_user` WHERE uid=56 LIMIT 1 
[ 2016-03-10T15:23:54+08:00 ] SQL:  RunTime:0.004559s SQL = SELECT uid,realname,phone,reason,info FROM `ts_user_verified` WHERE verified='1' and uid=56 LIMIT 1 
[ 2016-03-10T15:23:54+08:00 ] SQL:  RunTime:0.000662s SQL = SELECT * FROM `ts_user` WHERE uid=57 LIMIT 1 
[ 2016-03-10T15:23:54+08:00 ] SQL:  RunTime:0.000529s SQL = SELECT * FROM `ts_credit_user` WHERE uid=57 LIMIT 1 
[ 2016-03-10T15:23:54+08:00 ] SQL:  RunTime:0.000513s SQL = SELECT uid,realname,phone,reason,info FROM `ts_user_verified` WHERE verified='1' and uid=57 LIMIT 1 
[ 2016-03-10T15:23:54+08:00 ] SQL:  RunTime:0.000643s SQL = SELECT * FROM `ts_user` WHERE uid=58 LIMIT 1 
[ 2016-03-10T15:23:54+08:00 ] SQL:  RunTime:0.000563s SQL = SELECT * FROM `ts_credit_user` WHERE uid=58 LIMIT 1 
[ 2016-03-10T15:23:54+08:00 ] SQL:  RunTime:0.000478s SQL = SELECT uid,realname,phone,reason,info FROM `ts_user_verified` WHERE verified='1' and uid=58 LIMIT 1 
[ 2016-03-10T15:23:54+08:00 ] SQL:  RunTime:0.000609s SQL = SELECT * FROM `ts_user` WHERE uid=59 LIMIT 1 
[ 2016-03-10T15:23:54+08:00 ] SQL:  RunTime:0.000521s SQL = SELECT * FROM `ts_credit_user` WHERE uid=59 LIMIT 1 
[ 2016-03-10T15:23:54+08:00 ] SQL:  RunTime:0.000537s SQL = SELECT uid,realname,phone,reason,info FROM `ts_user_verified` WHERE verified='1' and uid=59 LIMIT 1 
[ 2016-03-10T15:23:54+08:00 ] SQL:  RunTime:0.000852s SQL = SELECT * FROM `ts_user` WHERE uid=60 LIMIT 1 
[ 2016-03-10T15:23:54+08:00 ] SQL:  RunTime:0.000502s SQL = SELECT * FROM `ts_credit_user` WHERE uid=60 LIMIT 1 
[ 2016-03-10T15:23:54+08:00 ] SQL:  RunTime:0.000863s SQL = SELECT uid,realname,phone,reason,info FROM `ts_user_verified` WHERE verified='1' and uid=60 LIMIT 1 
[ 2016-03-10T15:23:54+08:00 ] SQL:  RunTime:0.000697s SQL = SELECT * FROM `ts_user` WHERE uid=61 LIMIT 1 
[ 2016-03-10T15:23:54+08:00 ] SQL:  RunTime:0.000579s SQL = SELECT * FROM `ts_credit_user` WHERE uid=61 LIMIT 1 
[ 2016-03-10T15:23:54+08:00 ] SQL:  RunTime:0.000848s SQL = SELECT uid,realname,phone,reason,info FROM `ts_user_verified` WHERE verified='1' and uid=61 LIMIT 1 
[ 2016-03-10T15:23:54+08:00 ] SQL:  RunTime:0.000634s SQL = SELECT uid,realname,phone,reason,info FROM `ts_user_verified` WHERE verified='1' and uid=62 LIMIT 1 
[ 2016-03-10T15:23:54+08:00 ] SQL:  RunTime:0.000674s SQL = SELECT uid,realname,phone,reason,info FROM `ts_user_verified` WHERE verified='1' and uid=63 LIMIT 1 
[ 2016-03-10T15:23:54+08:00 ] SQL:  RunTime:0.000655s SQL = SELECT * FROM `ts_user` WHERE uid=64 LIMIT 1 
[ 2016-03-10T15:23:54+08:00 ] SQL:  RunTime:0.000530s SQL = SELECT * FROM `ts_credit_user` WHERE uid=64 LIMIT 1 
[ 2016-03-10T15:23:54+08:00 ] SQL:  RunTime:0.000663s SQL = SELECT uid,realname,phone,reason,info FROM `ts_user_verified` WHERE verified='1' and uid=64 LIMIT 1 
[ 2016-03-10T15:23:54+08:00 ] SQL:  RunTime:0.000661s SQL = SELECT * FROM `ts_user` WHERE uid=65 LIMIT 1 
[ 2016-03-10T15:23:54+08:00 ] SQL:  RunTime:0.000604s SQL = SELECT * FROM `ts_credit_user` WHERE uid=65 LIMIT 1 
[ 2016-03-10T15:23:54+08:00 ] SQL:  RunTime:0.000540s SQL = SELECT uid,realname,phone,reason,info FROM `ts_user_verified` WHERE verified='1' and uid=65 LIMIT 1 
[ 2016-03-10T15:23:54+08:00 ] SQL:  RunTime:0.013121s SQL = SELECT * FROM `ts_user` WHERE uid=66 LIMIT 1 
[ 2016-03-10T15:23:54+08:00 ] SQL:  RunTime:0.002173s SQL = SELECT * FROM `ts_credit_user` WHERE uid=66 LIMIT 1 
[ 2016-03-10T15:23:54+08:00 ] SQL:  RunTime:0.001002s SQL = SELECT uid,realname,phone,reason,info FROM `ts_user_verified` WHERE verified='1' and uid=66 LIMIT 1 
[ 2016-03-10T15:23:54+08:00 ] SQL:  RunTime:0.000608s SQL = SELECT * FROM `ts_user` WHERE uid=67 LIMIT 1 
[ 2016-03-10T15:23:54+08:00 ] SQL:  RunTime:0.000523s SQL = SELECT * FROM `ts_credit_user` WHERE uid=67 LIMIT 1 
[ 2016-03-10T15:23:54+08:00 ] SQL:  RunTime:0.000471s SQL = SELECT uid,realname,phone,reason,info FROM `ts_user_verified` WHERE verified='1' and uid=67 LIMIT 1 
[ 2016-03-10T15:23:54+08:00 ] SQL:  RunTime:0.000683s SQL = SELECT * FROM `ts_user` WHERE uid=68 LIMIT 1 
[ 2016-03-10T15:23:54+08:00 ] SQL:  RunTime:0.000541s SQL = SELECT * FROM `ts_credit_user` WHERE uid=68 LIMIT 1 
[ 2016-03-10T15:23:54+08:00 ] SQL:  RunTime:0.000510s SQL = SELECT uid,realname,phone,reason,info FROM `ts_user_verified` WHERE verified='1' and uid=68 LIMIT 1 
[ 2016-03-10T15:23:54+08:00 ] SQL:  RunTime:0.000515s SQL = SELECT uid,realname,phone,reason,info FROM `ts_user_verified` WHERE verified='1' and uid=69 LIMIT 1 
[ 2016-03-10T15:23:54+08:00 ] SQL:  RunTime:0.000690s SQL = SELECT * FROM `ts_user` WHERE uid=70 LIMIT 1 
[ 2016-03-10T15:23:54+08:00 ] SQL:  RunTime:0.000516s SQL = SELECT * FROM `ts_credit_user` WHERE uid=70 LIMIT 1 
[ 2016-03-10T15:23:54+08:00 ] SQL:  RunTime:0.000565s SQL = SELECT uid,realname,phone,reason,info FROM `ts_user_verified` WHERE verified='1' and uid=70 LIMIT 1 
[ 2016-03-10T15:23:54+08:00 ] SQL:  RunTime:0.000632s SQL = SELECT * FROM `ts_user` WHERE uid=71 LIMIT 1 
[ 2016-03-10T15:23:54+08:00 ] SQL:  RunTime:0.000864s SQL = SELECT * FROM `ts_credit_user` WHERE uid=71 LIMIT 1 
[ 2016-03-10T15:23:54+08:00 ] SQL:  RunTime:0.000521s SQL = SELECT uid,realname,phone,reason,info FROM `ts_user_verified` WHERE verified='1' and uid=71 LIMIT 1 
[ 2016-03-10T15:23:54+08:00 ] SQL:  RunTime:0.000626s SQL = SELECT * FROM `ts_user` WHERE uid=72 LIMIT 1 
[ 2016-03-10T15:23:54+08:00 ] SQL:  RunTime:0.000562s SQL = SELECT * FROM `ts_credit_user` WHERE uid=72 LIMIT 1 
[ 2016-03-10T15:23:54+08:00 ] SQL:  RunTime:0.000508s SQL = SELECT uid,realname,phone,reason,info FROM `ts_user_verified` WHERE verified='1' and uid=72 LIMIT 1 
[ 2016-03-10T15:23:54+08:00 ] SQL:  RunTime:0.000656s SQL = SELECT * FROM `ts_user` WHERE uid=74 LIMIT 1 
[ 2016-03-10T15:23:54+08:00 ] SQL:  RunTime:0.000592s SQL = SELECT * FROM `ts_credit_user` WHERE uid=74 LIMIT 1 
[ 2016-03-10T15:23:54+08:00 ] SQL:  RunTime:0.000580s SQL = SELECT uid,realname,phone,reason,info FROM `ts_user_verified` WHERE verified='1' and uid=74 LIMIT 1 
[ 2016-03-10T15:23:54+08:00 ] SQL:  RunTime:0.000647s SQL = SELECT * FROM `ts_user` WHERE uid=75 LIMIT 1 
[ 2016-03-10T15:23:54+08:00 ] SQL:  RunTime:0.000499s SQL = SELECT * FROM `ts_credit_user` WHERE uid=75 LIMIT 1 
[ 2016-03-10T15:23:54+08:00 ] SQL:  RunTime:0.000558s SQL = SELECT uid,realname,phone,reason,info FROM `ts_user_verified` WHERE verified='1' and uid=75 LIMIT 1 
[ 2016-03-10T15:23:54+08:00 ] SQL:  RunTime:0.000639s SQL = SELECT * FROM `ts_user` WHERE uid=76 LIMIT 1 
[ 2016-03-10T15:23:54+08:00 ] SQL:  RunTime:0.000516s SQL = SELECT * FROM `ts_credit_user` WHERE uid=76 LIMIT 1 
[ 2016-03-10T15:23:54+08:00 ] SQL:  RunTime:0.000635s SQL = SELECT uid,realname,phone,reason,info FROM `ts_user_verified` WHERE verified='1' and uid=76 LIMIT 1 
[ 2016-03-10T15:23:54+08:00 ] SQL:  RunTime:0.000666s SQL = SELECT * FROM `ts_user` WHERE uid=77 LIMIT 1 
[ 2016-03-10T15:23:54+08:00 ] SQL:  RunTime:0.000515s SQL = SELECT * FROM `ts_credit_user` WHERE uid=77 LIMIT 1 
[ 2016-03-10T15:23:54+08:00 ] SQL:  RunTime:0.000484s SQL = SELECT uid,realname,phone,reason,info FROM `ts_user_verified` WHERE verified='1' and uid=77 LIMIT 1 
[ 2016-03-10T15:23:54+08:00 ] SQL:  RunTime:0.000840s SQL = SELECT uid,realname,phone,reason,info FROM `ts_user_verified` WHERE verified='1' and uid=78 LIMIT 1 
[ 2016-03-10T15:23:54+08:00 ] SQL:  RunTime:0.000486s SQL = SELECT uid,realname,phone,reason,info FROM `ts_user_verified` WHERE verified='1' and uid=79 LIMIT 1 
[ 2016-03-10T15:24:42+08:00 ] SQL:  RunTime:0.000564s SQL = SELECT * FROM `ts_user_group` ORDER BY user_group_id ASC
[ 2016-03-10T15:24:44+08:00 ] SQL:  RunTime:0.000405s SQL = SELECT `user_group_id`,`title` FROM `ts_user_group`
[ 2016-03-10T15:25:18+08:00 ] SQL:  RunTime:0.000247s SQL = SELECT count(1) as count FROM `ts_faq` LIMIT 1 
[ 2016-03-10T15:25:19+08:00 ] SQL:  RunTime:0.001081s SQL = SELECT count(1) as count FROM `ts_credit_user_log` LIMIT 1 
[ 2016-03-10T15:25:19+08:00 ] SQL:  RunTime:0.002022s SQL = SELECT * FROM `ts_credit_user_log` ORDER BY ctime DESC LIMIT 0,20 
[ 2016-03-10T15:25:20+08:00 ] SQL:  RunTime:0.000520s SQL = SELECT count(1) as count FROM `ts_user` LIMIT 1 
[ 2016-03-10T15:25:20+08:00 ] SQL:  RunTime:0.001264s SQL = SELECT * FROM `ts_user` ORDER BY uid ASC LIMIT 0,30 
[ 2016-03-10T15:25:20+08:00 ] SQL:  RunTime:0.000720s SQL = SELECT * FROM `ts_user_group_link` WHERE ( `uid` IN ('1','7','18','19','20','21','22','23','24','25','27','28','29','30','31','32','33','35','36','37','38','39','40','41','43','44','45','46','47','48') ) ORDER BY user_group_id ASC
[ 2016-03-10T15:25:20+08:00 ] SQL:  RunTime:0.000525s SQL = SELECT uid, oauth_token, oauth_token_secret FROM `ts_login` WHERE ( `uid` IN ('1','7','18','19','20','21','22','23','24','25','27','28','29','30','31','32','33','35','36','37','38','39','40','41','43','44','45','46','47','48') )
[ 2016-03-10T15:25:21+08:00 ] SQL:  RunTime:0.000477s SQL = SELECT user_group_id,title FROM `ts_user_group` ORDER BY user_group_id ASC
[ 2016-03-10T15:25:23+08:00 ] SQL:  RunTime:0.000275s SQL = SELECT VERSION() as version
[ 2016-03-10T15:25:23+08:00 ] SQL:  RunTime:0.016400s SQL = SHOW TABLE STATUS LIKE 'ts_%'
[ 2016-03-10T15:25:23+08:00 ] SQL:  RunTime:0.000446s SQL = SELECT COUNT(*) AS count FROM ts_user_online WHERE `ctime` > 1457593823
[ 2016-03-10T15:25:23+08:00 ] SQL:  RunTime:0.000337s SQL = SELECT count(1) as count FROM `ts_user` LIMIT 1 
[ 2016-03-10T15:25:23+08:00 ] SQL:  RunTime:0.028471s SQL = SELECT count(1) as count FROM `ts_user` WHERE `is_active` = 1 LIMIT 1 
[ 2016-03-10T15:25:23+08:00 ] SQL:  RunTime:0.000455s SQL = SELECT app_name,app_alias,statistics_entry FROM `ts_app` WHERE `statistics_entry`<>"" ORDER BY display_order ASC
[ 2016-03-10T15:25:24+08:00 ] SQL:  RunTime:0.000265s SQL = SELECT count(1) as count FROM `ts_user` LIMIT 1 
[ 2016-03-10T15:25:24+08:00 ] SQL:  RunTime:0.000820s SQL = SELECT * FROM `ts_user` ORDER BY uid ASC LIMIT 0,30 
[ 2016-03-10T15:25:24+08:00 ] SQL:  RunTime:0.000725s SQL = SELECT * FROM `ts_user_group_link` WHERE ( `uid` IN ('1','7','18','19','20','21','22','23','24','25','27','28','29','30','31','32','33','35','36','37','38','39','40','41','43','44','45','46','47','48') ) ORDER BY user_group_id ASC
[ 2016-03-10T15:25:24+08:00 ] SQL:  RunTime:0.000524s SQL = SELECT uid, oauth_token, oauth_token_secret FROM `ts_login` WHERE ( `uid` IN ('1','7','18','19','20','21','22','23','24','25','27','28','29','30','31','32','33','35','36','37','38','39','40','41','43','44','45','46','47','48') )
[ 2016-03-10T15:25:24+08:00 ] SQL:  RunTime:0.000440s SQL = SELECT user_group_id,title FROM `ts_user_group` ORDER BY user_group_id ASC
[ 2016-03-10T15:25:26+08:00 ] SQL:  RunTime:0.000246s SQL = SELECT VERSION() as version
[ 2016-03-10T15:25:26+08:00 ] SQL:  RunTime:0.013316s SQL = SHOW TABLE STATUS LIKE 'ts_%'
[ 2016-03-10T15:25:26+08:00 ] SQL:  RunTime:0.000468s SQL = SELECT COUNT(*) AS count FROM ts_user_online WHERE `ctime` > 1457593826
[ 2016-03-10T15:25:26+08:00 ] SQL:  RunTime:0.000276s SQL = SELECT count(1) as count FROM `ts_user` LIMIT 1 
[ 2016-03-10T15:25:26+08:00 ] SQL:  RunTime:0.027411s SQL = SELECT count(1) as count FROM `ts_user` WHERE `is_active` = 1 LIMIT 1 
[ 2016-03-10T15:25:26+08:00 ] SQL:  RunTime:0.000390s SQL = SELECT app_name,app_alias,statistics_entry FROM `ts_app` WHERE `statistics_entry`<>"" ORDER BY display_order ASC
